[2018-02-17 17:47:01.961] [exthost1] [info] extension host started
[2018-02-17 17:47:01.999] [exthost1] [info] ExtensionService#_doActivateExtension vscode.emmet {"startup":true,"activationEvent":"*"}
[2018-02-17 17:47:01.999] [exthost1] [info] ExtensionService#loadCommonJSModule /usr/share/code/resources/app/extensions/emmet/out/extension
[2018-02-17 17:47:02.142] [exthost1] [info] ExtensionService#_doActivateExtension vscode.git {"startup":true,"activationEvent":"*"}
[2018-02-17 17:47:02.142] [exthost1] [info] ExtensionService#loadCommonJSModule /usr/share/code/resources/app/extensions/git/out/main
[2018-02-17 17:47:02.630] [exthost1] [info] ExtensionService#_doActivateExtension vscode.merge-conflict {"startup":true,"activationEvent":"*"}
[2018-02-17 17:47:02.630] [exthost1] [info] ExtensionService#loadCommonJSModule /usr/share/code/resources/app/extensions/merge-conflict/out/extension
[2018-02-17 17:47:02.678] [exthost1] [info] ExtensionService#_doActivateExtension wayou.vscode-todo-highlight {"startup":true,"activationEvent":"*"}
[2018-02-17 17:47:02.678] [exthost1] [info] ExtensionService#loadCommonJSModule /home/nemesis1346/.vscode/extensions/wayou.vscode-todo-highlight-0.5.11/src/extension
[2018-02-17 17:47:02.684] [exthost1] [info] eager extensions activated
[2018-02-17 17:47:53.128] [exthost1] [info] extension host started
[2018-02-17 17:47:53.158] [exthost1] [info] ExtensionService#_doActivateExtension vscode.emmet {"startup":true,"activationEvent":"*"}
[2018-02-17 17:47:53.159] [exthost1] [info] ExtensionService#loadCommonJSModule /usr/share/code/resources/app/extensions/emmet/out/extension
[2018-02-17 17:47:53.225] [exthost1] [info] ExtensionService#_doActivateExtension vscode.git {"startup":true,"activationEvent":"*"}
[2018-02-17 17:47:53.225] [exthost1] [info] ExtensionService#loadCommonJSModule /usr/share/code/resources/app/extensions/git/out/main
[2018-02-17 17:47:53.291] [exthost1] [info] ExtensionService#_doActivateExtension vscode.merge-conflict {"startup":true,"activationEvent":"*"}
[2018-02-17 17:47:53.291] [exthost1] [info] ExtensionService#loadCommonJSModule /usr/share/code/resources/app/extensions/merge-conflict/out/extension
[2018-02-17 17:47:53.302] [exthost1] [info] ExtensionService#_doActivateExtension wayou.vscode-todo-highlight {"startup":true,"activationEvent":"*"}
[2018-02-17 17:47:53.302] [exthost1] [info] ExtensionService#loadCommonJSModule /home/nemesis1346/.vscode/extensions/wayou.vscode-todo-highlight-0.5.11/src/extension
[2018-02-17 17:47:53.306] [exthost1] [info] eager extensions activated
[2018-02-17 17:47:56.941] [exthost1] [info] ExtensionService#_doActivateExtension lukehoban.Go {"startup":false,"activationEvent":"onLanguage:go"}
[2018-02-17 17:47:56.941] [exthost1] [info] ExtensionService#loadCommonJSModule /home/nemesis1346/.vscode/extensions/lukehoban.go-0.6.76/out/src/goMain
