[2018-02-19 18:11:17.090] [renderer1] [error] An unknown error occurred. Please consult the log for more details.
[2018-02-19 18:14:07.496] [renderer1] [error] An unknown error occurred. Please consult the log for more details.
[2018-02-19 18:14:11.996] [renderer1] [error] An unknown error occurred. Please consult the log for more details.
[2018-02-19 18:15:49.595] [renderer1] [error] An unknown error occurred. Please consult the log for more details.
[2018-02-19 21:23:33.152] [renderer1] [error] An unknown error occurred. Please consult the log for more details.
[2018-02-19 21:35:08.918] [renderer1] [error] An unknown error occurred. Please consult the log for more details.
[2018-02-19 21:35:26.184] [renderer1] [error] An unknown error occurred. Please consult the log for more details.
[2018-02-19 21:35:54.490] [renderer1] [error] An unknown error occurred. Please consult the log for more details.
[2018-02-19 21:36:13.391] [renderer1] [error] An unknown error occurred. Please consult the log for more details.
[2018-02-19 21:36:15.574] [renderer1] [error] An unknown error occurred. Please consult the log for more details.
[2018-02-19 21:36:28.064] [renderer1] [error] An unknown error occurred. Please consult the log for more details.
[2018-02-19 21:38:15.427] [renderer1] [error] An unknown error occurred. Please consult the log for more details.
[2018-02-19 21:38:21.828] [renderer1] [error] An unknown error occurred. Please consult the log for more details.
[2018-02-19 21:39:23.416] [renderer1] [error] An unknown error occurred. Please consult the log for more details.
[2018-02-19 21:40:13.799] [renderer1] [error] An unknown error occurred. Please consult the log for more details.
[2018-02-19 21:44:26.440] [renderer1] [error] An unknown error occurred. Please consult the log for more details.
[2018-02-19 21:49:34.147] [renderer1] [error] An unknown error occurred. Please consult the log for more details.
[2018-02-19 21:52:04.886] [renderer1] [error] An unknown error occurred. Please consult the log for more details.
[2018-02-19 21:52:50.246] [renderer1] [error] An unknown error occurred. Please consult the log for more details.
[2018-02-19 21:55:18.728] [renderer1] [error] An unknown error occurred. Please consult the log for more details.
[2018-02-19 21:55:28.299] [renderer1] [error] An unknown error occurred. Please consult the log for more details.
[2018-02-19 21:58:02.992] [renderer1] [error] An unknown error occurred. Please consult the log for more details.
[2018-02-19 21:58:09.760] [renderer1] [error] An unknown error occurred. Please consult the log for more details.
[2018-02-19 22:01:27.730] [renderer1] [error] An unknown error occurred. Please consult the log for more details.
[2018-02-19 22:01:36.804] [renderer1] [error] An unknown error occurred. Please consult the log for more details.
[2018-02-19 22:02:16.660] [renderer1] [error] An unknown error occurred. Please consult the log for more details.
[2018-02-19 22:08:20.846] [renderer1] [error] An unknown error occurred. Please consult the log for more details.
[2018-02-19 22:09:07.025] [renderer1] [error] An unknown error occurred. Please consult the log for more details.
[2018-02-19 22:10:09.507] [renderer1] [error] An unknown error occurred. Please consult the log for more details.
[2018-02-19 22:10:16.319] [renderer1] [error] An unknown error occurred. Please consult the log for more details.
[2018-02-19 22:21:26.114] [renderer1] [error] An unknown error occurred. Please consult the log for more details.
[2018-02-19 22:21:34.211] [renderer1] [error] An unknown error occurred. Please consult the log for more details.
[2018-02-19 22:21:46.189] [renderer1] [error] An unknown error occurred. Please consult the log for more details.
[2018-02-19 22:23:46.540] [renderer1] [error] An unknown error occurred. Please consult the log for more details.
[2018-02-19 22:23:54.108] [renderer1] [error] An unknown error occurred. Please consult the log for more details.
[2018-02-19 22:23:55.595] [renderer1] [error] An unknown error occurred. Please consult the log for more details.
[2018-02-19 22:24:02.862] [renderer1] [error] An unknown error occurred. Please consult the log for more details.
[2018-02-19 22:24:04.147] [renderer1] [error] An unknown error occurred. Please consult the log for more details.
[2018-02-19 22:24:18.707] [renderer1] [error] An unknown error occurred. Please consult the log for more details.
[2018-02-19 22:24:45.133] [renderer1] [error] An unknown error occurred. Please consult the log for more details.
[2018-02-19 22:24:46.846] [renderer1] [error] An unknown error occurred. Please consult the log for more details.
[2018-02-19 22:24:53.266] [renderer1] [error] An unknown error occurred. Please consult the log for more details.
[2018-02-19 22:25:23.163] [renderer1] [error] An unknown error occurred. Please consult the log for more details.
[2018-02-19 22:26:07.203] [renderer1] [error] An unknown error occurred. Please consult the log for more details.
[2018-02-19 22:26:09.658] [renderer1] [error] An unknown error occurred. Please consult the log for more details.
[2018-02-19 22:26:12.692] [renderer1] [error] An unknown error occurred. Please consult the log for more details.
[2018-02-19 22:26:22.772] [renderer1] [error] An unknown error occurred. Please consult the log for more details.
[2018-02-19 22:28:00.467] [renderer1] [error] An unknown error occurred. Please consult the log for more details.
[2018-02-19 22:31:44.038] [renderer1] [error] An unknown error occurred. Please consult the log for more details.
[2018-02-19 22:32:27.953] [renderer1] [error] An unknown error occurred. Please consult the log for more details.
[2018-02-19 22:32:30.877] [renderer1] [error] An unknown error occurred. Please consult the log for more details.
[2018-02-19 22:34:41.472] [renderer1] [error] An unknown error occurred. Please consult the log for more details.
[2018-02-19 22:35:36.518] [renderer1] [error] An unknown error occurred. Please consult the log for more details.
[2018-02-19 22:35:57.699] [renderer1] [error] An unknown error occurred. Please consult the log for more details.
[2018-02-19 22:36:03.085] [renderer1] [error] An unknown error occurred. Please consult the log for more details.
[2018-02-19 22:40:56.186] [renderer1] [error] An unknown error occurred. Please consult the log for more details.
[2018-02-19 22:41:12.022] [renderer1] [error] An unknown error occurred. Please consult the log for more details.
[2018-02-19 22:42:09.626] [renderer1] [error] An unknown error occurred. Please consult the log for more details.
[2018-02-19 22:50:05.059] [renderer1] [error] Cannot read property 'map' of null: TypeError: Cannot read property 'map' of null
	at goDeclaration_1.definitionLocation.then.res (/home/nemesis1346/.vscode/extensions/lukehoban.go-0.6.76/out/src/goSignature.js:64:51)
	at <anonymous>
[2018-02-19 22:50:08.791] [renderer1] [error] Cannot read property 'map' of null: TypeError: Cannot read property 'map' of null
	at goDeclaration_1.definitionLocation.then.res (/home/nemesis1346/.vscode/extensions/lukehoban.go-0.6.76/out/src/goSignature.js:64:51)
	at <anonymous>
[2018-02-19 22:50:12.656] [renderer1] [error] An unknown error occurred. Please consult the log for more details.
[2018-02-19 22:50:15.447] [renderer1] [error] An unknown error occurred. Please consult the log for more details.
[2018-02-19 22:50:23.653] [renderer1] [error] An unknown error occurred. Please consult the log for more details.
[2018-02-19 22:50:25.524] [renderer1] [error] An unknown error occurred. Please consult the log for more details.
[2018-02-19 22:50:40.388] [renderer1] [error] An unknown error occurred. Please consult the log for more details.
[2018-02-19 22:56:14.555] [renderer1] [error] An unknown error occurred. Please consult the log for more details.
[2018-02-19 22:56:29.985] [renderer1] [error] An unknown error occurred. Please consult the log for more details.
[2018-02-19 23:23:36.905] [renderer1] [error] An unknown error occurred. Please consult the log for more details.
[2018-02-19 23:37:59.268] [renderer1] [error] An unknown error occurred. Please consult the log for more details.
[2018-02-19 23:38:05.030] [renderer1] [error] Cannot read property 'map' of null: TypeError: Cannot read property 'map' of null
	at goDeclaration_1.definitionLocation.then.res (/home/nemesis1346/.vscode/extensions/lukehoban.go-0.6.76/out/src/goSignature.js:64:51)
	at <anonymous>
[2018-02-19 23:47:13.938] [renderer1] [error] An unknown error occurred. Please consult the log for more details.
[2018-02-19 23:47:21.090] [renderer1] [error] An unknown error occurred. Please consult the log for more details.
[2018-02-19 23:47:40.716] [renderer1] [error] An unknown error occurred. Please consult the log for more details.
[2018-02-19 23:51:29.216] [renderer1] [error] An unknown error occurred. Please consult the log for more details.
[2018-02-20 00:09:51.359] [renderer1] [error] An unknown error occurred. Please consult the log for more details.
[2018-02-20 09:46:59.430] [renderer1] [error] Cannot read property 'element' of undefined: TypeError: Cannot read property 'element' of undefined
    at e.element (file:///usr/share/code/resources/app/out/vs/workbench/workbench.main.js:383:327)
    at file:///usr/share/code/resources/app/out/vs/workbench/workbench.main.js:410:523
    at Array.map (native)
    at e.open (file:///usr/share/code/resources/app/out/vs/workbench/workbench.main.js:410:493)
    at e.onMouseDown (file:///usr/share/code/resources/app/out/vs/workbench/workbench.main.js:400:356)
    at file:///usr/share/code/resources/app/out/vs/workbench/workbench.main.js:159:849
    at file:///usr/share/code/resources/app/out/vs/workbench/workbench.main.js:159:622
    at e.fire (file:///usr/share/code/resources/app/out/vs/workbench/workbench.main.js:161:76)
    at HTMLDivElement.r (file:///usr/share/code/resources/app/out/vs/workbench/workbench.main.js:169:105)
[2018-02-20 09:53:46.574] [renderer1] [error] An unknown error occurred. Please consult the log for more details.
[2018-02-20 09:53:55.833] [renderer1] [error] An unknown error occurred. Please consult the log for more details.
[2018-02-20 09:59:40.546] [renderer1] [error] An unknown error occurred. Please consult the log for more details.
[2018-02-20 10:00:36.418] [renderer1] [error] An unknown error occurred. Please consult the log for more details.
[2018-02-20 10:01:36.044] [renderer1] [error] An unknown error occurred. Please consult the log for more details.
[2018-02-20 10:05:04.367] [renderer1] [error] An unknown error occurred. Please consult the log for more details.
[2018-02-20 10:09:54.368] [renderer1] [error] An unknown error occurred. Please consult the log for more details.
[2018-02-20 10:10:04.543] [renderer1] [error] An unknown error occurred. Please consult the log for more details.
[2018-02-20 10:10:05.591] [renderer1] [error] An unknown error occurred. Please consult the log for more details.
[2018-02-20 10:10:08.300] [renderer1] [error] An unknown error occurred. Please consult the log for more details.
[2018-02-20 10:22:08.576] [renderer1] [error] An unknown error occurred. Please consult the log for more details.
[2018-02-20 10:29:37.819] [renderer1] [error] An unknown error occurred. Please consult the log for more details.
[2018-02-20 10:29:42.411] [renderer1] [error] An unknown error occurred. Please consult the log for more details.
[2018-02-20 10:29:43.745] [renderer1] [error] An unknown error occurred. Please consult the log for more details.
[2018-02-20 21:34:32.717] [renderer1] [error] An unknown error occurred. Please consult the log for more details.
[2018-02-20 21:51:48.457] [renderer1] [error] An unknown error occurred. Please consult the log for more details.
[2018-02-20 21:56:29.690] [renderer1] [error] An unknown error occurred. Please consult the log for more details.
[2018-02-20 21:59:16.254] [renderer1] [error] An unknown error occurred. Please consult the log for more details.
[2018-02-20 22:28:01.953] [renderer1] [error] An unknown error occurred. Please consult the log for more details.
[2018-02-20 22:28:02.987] [renderer1] [error] An unknown error occurred. Please consult the log for more details.
[2018-02-20 22:28:25.891] [renderer1] [error] An unknown error occurred. Please consult the log for more details.
[2018-02-20 22:30:54.173] [renderer1] [error] An unknown error occurred. Please consult the log for more details.
[2018-02-20 22:31:34.989] [renderer1] [error] An unknown error occurred. Please consult the log for more details.
[2018-02-20 22:31:48.648] [renderer1] [error] An unknown error occurred. Please consult the log for more details.
[2018-02-20 22:34:09.856] [renderer1] [error] An unknown error occurred. Please consult the log for more details.
[2018-02-20 22:34:11.833] [renderer1] [error] An unknown error occurred. Please consult the log for more details.
[2018-02-20 22:34:14.756] [renderer1] [error] An unknown error occurred. Please consult the log for more details.
[2018-02-20 22:37:02.796] [renderer1] [error] An unknown error occurred. Please consult the log for more details.
[2018-02-21 09:57:20.917] [renderer1] [error] An unknown error occurred. Please consult the log for more details.
[2018-02-21 10:05:55.239] [renderer1] [error] An unknown error occurred. Please consult the log for more details.
[2018-02-21 10:06:43.021] [renderer1] [error] An unknown error occurred. Please consult the log for more details.
[2018-02-21 10:06:54.105] [renderer1] [error] An unknown error occurred. Please consult the log for more details.
[2018-02-21 10:07:38.403] [renderer1] [error] An unknown error occurred. Please consult the log for more details.
[2018-02-21 10:14:25.106] [renderer1] [error] An unknown error occurred. Please consult the log for more details.
[2018-02-21 10:14:26.301] [renderer1] [error] An unknown error occurred. Please consult the log for more details.
[2018-02-21 10:27:09.542] [renderer1] [error] An unknown error occurred. Please consult the log for more details.
[2018-02-21 10:28:05.083] [renderer1] [error] An unknown error occurred. Please consult the log for more details.
[2018-02-21 10:33:07.675] [renderer1] [error] An unknown error occurred. Please consult the log for more details.
[2018-02-21 10:33:24.589] [renderer1] [error] An unknown error occurred. Please consult the log for more details.
[2018-02-21 10:33:34.926] [renderer1] [error] An unknown error occurred. Please consult the log for more details.
[2018-02-21 10:33:37.423] [renderer1] [error] An unknown error occurred. Please consult the log for more details.
[2018-02-21 12:43:39.459] [renderer1] [error] An unknown error occurred. Please consult the log for more details.
[2018-02-22 21:50:49.304] [renderer1] [error] An unknown error occurred. Please consult the log for more details.
[2018-02-22 22:05:33.569] [renderer1] [error] An unknown error occurred. Please consult the log for more details.
[2018-02-22 22:13:18.820] [renderer1] [error] An unknown error occurred. Please consult the log for more details.
[2018-02-22 22:21:54.863] [renderer1] [error] An unknown error occurred. Please consult the log for more details.
[2018-02-22 22:26:05.167] [renderer1] [error] An unknown error occurred. Please consult the log for more details.
[2018-02-22 22:31:46.652] [renderer1] [error] An unknown error occurred. Please consult the log for more details.
[2018-02-22 22:32:59.202] [renderer1] [error] An unknown error occurred. Please consult the log for more details.
[2018-02-22 22:37:19.280] [renderer1] [error] An unknown error occurred. Please consult the log for more details.
[2018-02-22 22:37:34.556] [renderer1] [error] An unknown error occurred. Please consult the log for more details.
[2018-02-22 22:38:06.384] [renderer1] [error] An unknown error occurred. Please consult the log for more details.
[2018-02-22 22:38:09.455] [renderer1] [error] An unknown error occurred. Please consult the log for more details.
[2018-02-22 22:41:15.973] [renderer1] [error] An unknown error occurred. Please consult the log for more details.
[2018-02-22 23:01:32.709] [renderer1] [error] An unknown error occurred. Please consult the log for more details.
[2018-02-22 23:02:49.193] [renderer1] [error] An unknown error occurred. Please consult the log for more details.
[2018-02-22 23:03:06.107] [renderer1] [error] An unknown error occurred. Please consult the log for more details.
[2018-02-22 23:10:54.248] [renderer1] [error] An unknown error occurred. Please consult the log for more details.
[2018-02-22 23:13:39.106] [renderer1] [error] An unknown error occurred. Please consult the log for more details.
[2018-02-22 23:13:41.296] [renderer1] [error] An unknown error occurred. Please consult the log for more details.
[2018-02-22 23:19:38.181] [renderer1] [error] An unknown error occurred. Please consult the log for more details.
[2018-02-22 23:25:26.902] [renderer1] [error] An unknown error occurred. Please consult the log for more details.
[2018-02-22 23:30:33.840] [renderer1] [error] An unknown error occurred. Please consult the log for more details.
[2018-02-22 23:35:54.316] [renderer1] [error] An unknown error occurred. Please consult the log for more details.
[2018-02-22 23:39:16.440] [renderer1] [error] An unknown error occurred. Please consult the log for more details.
[2018-02-22 23:39:39.456] [renderer1] [error] An unknown error occurred. Please consult the log for more details.
[2018-02-22 23:41:23.544] [renderer1] [error] An unknown error occurred. Please consult the log for more details.
[2018-02-22 23:45:53.152] [renderer1] [error] An unknown error occurred. Please consult the log for more details.
[2018-02-22 23:45:54.516] [renderer1] [error] An unknown error occurred. Please consult the log for more details.
[2018-02-23 10:23:34.987] [renderer1] [error] An unknown error occurred. Please consult the log for more details.
[2018-02-23 10:23:37.245] [renderer1] [error] An unknown error occurred. Please consult the log for more details.
[2018-02-23 10:29:11.804] [renderer1] [error] An unknown error occurred. Please consult the log for more details.
[2018-02-23 10:38:31.574] [renderer1] [error] An unknown error occurred. Please consult the log for more details.
[2018-02-23 10:43:45.165] [renderer1] [error] An unknown error occurred. Please consult the log for more details.
[2018-02-23 12:36:30.730] [renderer1] [error] An unknown error occurred. Please consult the log for more details.
[2018-02-23 12:49:42.006] [renderer1] [error] An unknown error occurred. Please consult the log for more details.
