[2018-02-19 18:10:45.638] [sharedprocess] [info] main {"machineId":"6d715bb79e74e62e8af3c6e835fd3b8b64946927ee0da8e70c7ec2b7ff149881"}
[2018-02-19 18:10:45.728] [sharedprocess] [info] Scanned user extensions: 4
[2018-02-19 18:10:45.801] [sharedprocess] [info] Scanned system extensions: 65
[2018-02-19 18:10:47.513] [sharedprocess] [info] Scanned user extensions: 4
[2018-02-19 18:10:47.515] [sharedprocess] [info] Scanned user extensions: 4
[2018-02-19 18:10:47.523] [sharedprocess] [info] Scanned user extensions: 4
[2018-02-19 18:10:47.624] [sharedprocess] [info] Scanned system extensions: 65
[2018-02-19 18:10:47.628] [sharedprocess] [info] Scanned system extensions: 65
[2018-02-19 18:10:50.091] [sharedprocess] [info] Scanned user extensions: 4
[2018-02-19 18:11:00.626] [sharedprocess] [info] Scanned user extensions: 4
[2018-02-19 18:11:00.629] [sharedprocess] [info] Scanned user extensions: 4
[2018-02-19 18:11:00.635] [sharedprocess] [info] Scanned user extensions: 4
[2018-02-19 18:11:00.761] [sharedprocess] [info] Scanned system extensions: 65
[2018-02-19 18:11:00.772] [sharedprocess] [info] Scanned system extensions: 65
[2018-02-19 18:11:03.217] [sharedprocess] [info] Scanned user extensions: 4
[2018-02-19 18:11:13.585] [sharedprocess] [info] Scanned user extensions: 4
[2018-02-19 18:11:15.468] [sharedprocess] [info] Scanned user extensions: 4
[2018-02-19 18:11:18.840] [sharedprocess] [info] Scanned user extensions: 4
[2018-02-19 18:12:04.549] [sharedprocess] [info] Scanned user extensions: 4
[2018-02-19 18:16:03.243] [sharedprocess] [info] Scanned user extensions: 4
[2018-02-19 18:16:55.044] [sharedprocess] [info] Scanned user extensions: 4
[2018-02-19 18:16:56.211] [sharedprocess] [info] Scanned user extensions: 4
[2018-02-19 18:16:56.628] [sharedprocess] [info] Scanned user extensions: 4
[2018-02-19 18:21:03.262] [sharedprocess] [info] Scanned user extensions: 4
[2018-02-19 18:26:03.277] [sharedprocess] [info] Scanned user extensions: 4
[2018-02-19 18:31:03.294] [sharedprocess] [info] Scanned user extensions: 4
[2018-02-19 18:36:03.305] [sharedprocess] [info] Scanned user extensions: 4
[2018-02-19 18:41:03.317] [sharedprocess] [info] Scanned user extensions: 4
[2018-02-19 18:46:03.334] [sharedprocess] [info] Scanned user extensions: 4
[2018-02-19 18:51:03.352] [sharedprocess] [info] Scanned user extensions: 4
[2018-02-19 18:56:03.363] [sharedprocess] [info] Scanned user extensions: 4
[2018-02-19 19:01:03.377] [sharedprocess] [info] Scanned user extensions: 4
[2018-02-19 19:06:03.393] [sharedprocess] [info] Scanned user extensions: 4
[2018-02-19 19:11:03.549] [sharedprocess] [info] Scanned user extensions: 4
[2018-02-19 19:16:03.563] [sharedprocess] [info] Scanned user extensions: 4
[2018-02-19 19:21:03.575] [sharedprocess] [info] Scanned user extensions: 4
[2018-02-19 19:26:03.592] [sharedprocess] [info] Scanned user extensions: 4
[2018-02-19 19:31:03.605] [sharedprocess] [info] Scanned user extensions: 4
[2018-02-19 19:36:03.619] [sharedprocess] [info] Scanned user extensions: 4
[2018-02-19 19:41:03.634] [sharedprocess] [info] Scanned user extensions: 4
[2018-02-19 19:46:03.645] [sharedprocess] [info] Scanned user extensions: 4
[2018-02-19 19:51:03.661] [sharedprocess] [info] Scanned user extensions: 4
[2018-02-19 19:56:03.675] [sharedprocess] [info] Scanned user extensions: 4
[2018-02-19 20:01:03.689] [sharedprocess] [info] Scanned user extensions: 4
[2018-02-19 20:06:03.701] [sharedprocess] [info] Scanned user extensions: 4
[2018-02-19 20:11:03.856] [sharedprocess] [info] Scanned user extensions: 4
[2018-02-19 20:16:03.870] [sharedprocess] [info] Scanned user extensions: 4
[2018-02-19 20:21:03.885] [sharedprocess] [info] Scanned user extensions: 4
[2018-02-19 20:26:03.900] [sharedprocess] [info] Scanned user extensions: 4
[2018-02-19 20:31:03.916] [sharedprocess] [info] Scanned user extensions: 4
[2018-02-19 20:36:03.930] [sharedprocess] [info] Scanned user extensions: 4
[2018-02-19 20:41:03.946] [sharedprocess] [info] Scanned user extensions: 4
[2018-02-19 20:46:03.959] [sharedprocess] [info] Scanned user extensions: 4
[2018-02-19 20:51:03.973] [sharedprocess] [info] Scanned user extensions: 4
[2018-02-19 20:56:03.989] [sharedprocess] [info] Scanned user extensions: 4
[2018-02-19 21:01:04.005] [sharedprocess] [info] Scanned user extensions: 4
[2018-02-19 21:06:04.021] [sharedprocess] [info] Scanned user extensions: 4
[2018-02-19 21:11:04.137] [sharedprocess] [info] Scanned user extensions: 4
[2018-02-19 21:16:04.156] [sharedprocess] [info] Scanned user extensions: 4
[2018-02-19 21:21:04.164] [sharedprocess] [info] Scanned user extensions: 4
[2018-02-19 21:26:04.176] [sharedprocess] [info] Scanned user extensions: 4
[2018-02-19 21:31:04.187] [sharedprocess] [info] Scanned user extensions: 4
[2018-02-19 21:36:04.208] [sharedprocess] [info] Scanned user extensions: 4
[2018-02-19 21:41:04.242] [sharedprocess] [info] Scanned user extensions: 4
[2018-02-19 21:46:04.265] [sharedprocess] [info] Scanned user extensions: 4
[2018-02-19 21:49:33.866] [sharedprocess] [info] Scanned user extensions: 4
[2018-02-19 21:51:04.295] [sharedprocess] [info] Scanned user extensions: 4
[2018-02-19 21:53:20.622] [sharedprocess] [info] Scanned user extensions: 4
[2018-02-19 21:56:04.314] [sharedprocess] [info] Scanned user extensions: 4
[2018-02-19 21:58:07.026] [sharedprocess] [info] Scanned user extensions: 4
[2018-02-19 22:01:04.332] [sharedprocess] [info] Scanned user extensions: 4
[2018-02-19 22:04:29.064] [sharedprocess] [info] Scanned user extensions: 4
[2018-02-19 22:04:49.867] [sharedprocess] [info] Scanned user extensions: 4
[2018-02-19 22:06:04.345] [sharedprocess] [info] Scanned user extensions: 4
[2018-02-19 22:06:25.535] [sharedprocess] [info] Scanned user extensions: 4
[2018-02-19 22:07:18.295] [sharedprocess] [info] Scanned user extensions: 4
[2018-02-19 22:11:04.530] [sharedprocess] [info] Scanned user extensions: 4
[2018-02-19 22:16:04.540] [sharedprocess] [info] Scanned user extensions: 4
[2018-02-19 22:21:02.974] [sharedprocess] [info] Scanned user extensions: 4
[2018-02-19 22:21:04.555] [sharedprocess] [info] Scanned user extensions: 4
[2018-02-19 22:26:04.569] [sharedprocess] [info] Scanned user extensions: 4
[2018-02-19 22:28:34.200] [sharedprocess] [info] Scanned user extensions: 4
[2018-02-19 22:29:55.734] [sharedprocess] [info] Scanned user extensions: 4
[2018-02-19 22:29:56.361] [sharedprocess] [info] Scanned user extensions: 4
[2018-02-19 22:31:04.582] [sharedprocess] [info] Scanned user extensions: 4
[2018-02-19 22:32:28.322] [sharedprocess] [info] Scanned user extensions: 4
[2018-02-19 22:32:37.669] [sharedprocess] [info] Scanned user extensions: 4
[2018-02-19 22:34:12.666] [sharedprocess] [info] Scanned user extensions: 4
[2018-02-19 22:36:04.595] [sharedprocess] [info] Scanned user extensions: 4
[2018-02-19 22:36:30.546] [sharedprocess] [info] Scanned user extensions: 4
[2018-02-19 22:36:30.855] [sharedprocess] [info] Scanned user extensions: 4
[2018-02-19 22:36:38.027] [sharedprocess] [info] Scanned user extensions: 4
[2018-02-19 22:41:04.612] [sharedprocess] [info] Scanned user extensions: 4
[2018-02-19 22:45:52.914] [sharedprocess] [info] Scanned user extensions: 4
[2018-02-19 22:46:04.623] [sharedprocess] [info] Scanned user extensions: 4
[2018-02-19 22:51:04.636] [sharedprocess] [info] Scanned user extensions: 4
[2018-02-19 22:56:04.653] [sharedprocess] [info] Scanned user extensions: 4
[2018-02-19 23:01:04.668] [sharedprocess] [info] Scanned user extensions: 4
[2018-02-19 23:06:04.681] [sharedprocess] [info] Scanned user extensions: 4
[2018-02-19 23:07:14.729] [sharedprocess] [info] Scanned user extensions: 4
[2018-02-19 23:07:31.911] [sharedprocess] [info] Scanned user extensions: 4
[2018-02-19 23:11:04.839] [sharedprocess] [info] Scanned user extensions: 4
[2018-02-19 23:12:17.775] [sharedprocess] [info] Scanned user extensions: 4
[2018-02-19 23:16:04.855] [sharedprocess] [info] Scanned user extensions: 4
[2018-02-19 23:16:43.552] [sharedprocess] [info] Scanned user extensions: 4
[2018-02-19 23:21:04.866] [sharedprocess] [info] Scanned user extensions: 4
[2018-02-19 23:26:04.876] [sharedprocess] [info] Scanned user extensions: 4
[2018-02-19 23:31:04.887] [sharedprocess] [info] Scanned user extensions: 4
[2018-02-19 23:36:04.900] [sharedprocess] [info] Scanned user extensions: 4
[2018-02-19 23:41:04.913] [sharedprocess] [info] Scanned user extensions: 4
[2018-02-19 23:46:04.920] [sharedprocess] [info] Scanned user extensions: 4
[2018-02-19 23:51:04.934] [sharedprocess] [info] Scanned user extensions: 4
[2018-02-19 23:56:04.948] [sharedprocess] [info] Scanned user extensions: 4
[2018-02-20 00:01:04.964] [sharedprocess] [info] Scanned user extensions: 4
[2018-02-20 00:06:04.971] [sharedprocess] [info] Scanned user extensions: 4
[2018-02-20 00:11:05.136] [sharedprocess] [info] Scanned user extensions: 4
[2018-02-20 00:16:05.148] [sharedprocess] [info] Scanned user extensions: 4
[2018-02-20 00:21:05.157] [sharedprocess] [info] Scanned user extensions: 4
[2018-02-20 00:26:05.173] [sharedprocess] [info] Scanned user extensions: 4
[2018-02-20 08:50:46.452] [sharedprocess] [info] Scanned user extensions: 4
[2018-02-20 08:55:46.461] [sharedprocess] [info] Scanned user extensions: 4
[2018-02-20 09:00:46.477] [sharedprocess] [info] Scanned user extensions: 4
[2018-02-20 09:05:46.491] [sharedprocess] [info] Scanned user extensions: 4
[2018-02-20 09:10:46.507] [sharedprocess] [info] Scanned user extensions: 4
[2018-02-20 09:15:46.522] [sharedprocess] [info] Scanned user extensions: 4
[2018-02-20 09:20:46.539] [sharedprocess] [info] Scanned user extensions: 4
[2018-02-20 09:25:46.559] [sharedprocess] [info] Scanned user extensions: 4
[2018-02-20 09:30:46.571] [sharedprocess] [info] Scanned user extensions: 4
[2018-02-20 09:35:46.590] [sharedprocess] [info] Scanned user extensions: 4
[2018-02-20 09:40:46.607] [sharedprocess] [info] Scanned user extensions: 4
[2018-02-20 09:45:46.623] [sharedprocess] [info] Scanned user extensions: 4
[2018-02-20 09:50:46.771] [sharedprocess] [info] Scanned user extensions: 4
[2018-02-20 09:55:46.786] [sharedprocess] [info] Scanned user extensions: 4
[2018-02-20 10:00:46.803] [sharedprocess] [info] Scanned user extensions: 4
[2018-02-20 10:05:46.821] [sharedprocess] [info] Scanned user extensions: 4
[2018-02-20 10:10:46.837] [sharedprocess] [info] Scanned user extensions: 4
[2018-02-20 10:15:46.853] [sharedprocess] [info] Scanned user extensions: 4
[2018-02-20 10:20:46.870] [sharedprocess] [info] Scanned user extensions: 4
[2018-02-20 10:25:46.881] [sharedprocess] [info] Scanned user extensions: 4
[2018-02-20 10:29:37.659] [sharedprocess] [info] Scanned user extensions: 4
[2018-02-20 10:30:46.892] [sharedprocess] [info] Scanned user extensions: 4
[2018-02-20 10:35:46.908] [sharedprocess] [info] Scanned user extensions: 4
[2018-02-20 10:40:46.920] [sharedprocess] [info] Scanned user extensions: 4
[2018-02-20 10:45:46.936] [sharedprocess] [info] Scanned user extensions: 4
[2018-02-20 10:50:47.074] [sharedprocess] [info] Scanned user extensions: 4
[2018-02-20 10:55:47.088] [sharedprocess] [info] Scanned user extensions: 4
[2018-02-20 11:00:47.103] [sharedprocess] [info] Scanned user extensions: 4
[2018-02-20 11:05:47.116] [sharedprocess] [info] Scanned user extensions: 4
[2018-02-20 11:10:47.132] [sharedprocess] [info] Scanned user extensions: 4
[2018-02-20 11:15:47.148] [sharedprocess] [info] Scanned user extensions: 4
[2018-02-20 11:20:47.163] [sharedprocess] [info] Scanned user extensions: 4
[2018-02-20 11:25:47.180] [sharedprocess] [info] Scanned user extensions: 4
[2018-02-20 11:30:47.199] [sharedprocess] [info] Scanned user extensions: 4
[2018-02-20 11:35:47.215] [sharedprocess] [info] Scanned user extensions: 4
[2018-02-20 11:40:47.231] [sharedprocess] [info] Scanned user extensions: 4
[2018-02-20 11:45:47.244] [sharedprocess] [info] Scanned user extensions: 4
[2018-02-20 11:50:47.421] [sharedprocess] [info] Scanned user extensions: 4
[2018-02-20 11:55:47.442] [sharedprocess] [info] Scanned user extensions: 4
[2018-02-20 12:00:47.455] [sharedprocess] [info] Scanned user extensions: 4
[2018-02-20 12:05:47.468] [sharedprocess] [info] Scanned user extensions: 4
[2018-02-20 12:10:47.485] [sharedprocess] [info] Scanned user extensions: 4
[2018-02-20 12:15:47.499] [sharedprocess] [info] Scanned user extensions: 4
[2018-02-20 12:20:47.513] [sharedprocess] [info] Scanned user extensions: 4
[2018-02-20 12:25:47.535] [sharedprocess] [info] Scanned user extensions: 4
[2018-02-20 12:30:47.549] [sharedprocess] [info] Scanned user extensions: 4
[2018-02-20 12:35:47.563] [sharedprocess] [info] Scanned user extensions: 4
[2018-02-20 12:40:47.580] [sharedprocess] [info] Scanned user extensions: 4
[2018-02-20 12:45:47.593] [sharedprocess] [info] Scanned user extensions: 4
[2018-02-20 12:50:47.723] [sharedprocess] [info] Scanned user extensions: 4
[2018-02-20 12:55:47.739] [sharedprocess] [info] Scanned user extensions: 4
[2018-02-20 13:00:47.753] [sharedprocess] [info] Scanned user extensions: 4
[2018-02-20 13:05:47.766] [sharedprocess] [info] Scanned user extensions: 4
[2018-02-20 13:10:47.783] [sharedprocess] [info] Scanned user extensions: 4
[2018-02-20 13:15:47.799] [sharedprocess] [info] Scanned user extensions: 4
[2018-02-20 13:20:47.812] [sharedprocess] [info] Scanned user extensions: 4
[2018-02-20 13:25:47.832] [sharedprocess] [info] Scanned user extensions: 4
[2018-02-20 13:30:47.850] [sharedprocess] [info] Scanned user extensions: 4
[2018-02-20 13:35:47.864] [sharedprocess] [info] Scanned user extensions: 4
[2018-02-20 13:40:47.877] [sharedprocess] [info] Scanned user extensions: 4
[2018-02-20 13:45:47.893] [sharedprocess] [info] Scanned user extensions: 4
[2018-02-20 13:50:48.033] [sharedprocess] [info] Scanned user extensions: 4
[2018-02-20 13:55:48.047] [sharedprocess] [info] Scanned user extensions: 4
[2018-02-20 14:00:48.061] [sharedprocess] [info] Scanned user extensions: 4
[2018-02-20 14:05:48.075] [sharedprocess] [info] Scanned user extensions: 4
[2018-02-20 14:10:48.092] [sharedprocess] [info] Scanned user extensions: 4
[2018-02-20 14:15:48.107] [sharedprocess] [info] Scanned user extensions: 4
[2018-02-20 14:20:48.123] [sharedprocess] [info] Scanned user extensions: 4
[2018-02-20 14:25:48.136] [sharedprocess] [info] Scanned user extensions: 4
[2018-02-20 14:30:43.545] [sharedprocess] [info] Installing extension: Go
[2018-02-20 14:30:46.931] [sharedprocess] [info] Downloaded extension: Go
[2018-02-20 14:30:48.149] [sharedprocess] [info] Scanned user extensions: 4
[2018-02-20 14:30:49.069] [sharedprocess] [info] Extracted extension to /home/nemesis1346/.vscode/extensions/lukehoban.go-0.6.77: lukehoban.go-0.6.77
[2018-02-20 14:30:49.154] [sharedprocess] [info] Updated metadata of the extension: lukehoban.go-0.6.77
[2018-02-20 14:30:49.155] [sharedprocess] [info] Extensions installed successfully: lukehoban.go
[2018-02-20 14:30:49.274] [sharedprocess] [info] Scanned user extensions: 4
[2018-02-20 14:30:49.298] [sharedprocess] [info] Scanned system extensions: 65
[2018-02-20 14:35:48.165] [sharedprocess] [info] Scanned user extensions: 4
[2018-02-20 14:40:48.181] [sharedprocess] [info] Scanned user extensions: 4
[2018-02-20 14:45:48.199] [sharedprocess] [info] Scanned user extensions: 4
[2018-02-20 14:50:48.334] [sharedprocess] [info] Scanned user extensions: 4
[2018-02-20 14:55:48.350] [sharedprocess] [info] Scanned user extensions: 4
[2018-02-20 15:00:48.366] [sharedprocess] [info] Scanned user extensions: 4
[2018-02-20 15:05:48.383] [sharedprocess] [info] Scanned user extensions: 4
[2018-02-20 15:10:48.399] [sharedprocess] [info] Scanned user extensions: 4
[2018-02-20 15:15:48.412] [sharedprocess] [info] Scanned user extensions: 4
[2018-02-20 15:20:48.427] [sharedprocess] [info] Scanned user extensions: 4
[2018-02-20 15:25:48.440] [sharedprocess] [info] Scanned user extensions: 4
[2018-02-20 15:30:48.457] [sharedprocess] [info] Scanned user extensions: 4
[2018-02-20 15:35:48.474] [sharedprocess] [info] Scanned user extensions: 4
[2018-02-20 15:40:48.489] [sharedprocess] [info] Scanned user extensions: 4
[2018-02-20 15:45:48.499] [sharedprocess] [info] Scanned user extensions: 4
[2018-02-20 15:50:48.652] [sharedprocess] [info] Scanned user extensions: 4
[2018-02-20 15:55:48.669] [sharedprocess] [info] Scanned user extensions: 4
[2018-02-20 16:00:48.683] [sharedprocess] [info] Scanned user extensions: 4
[2018-02-20 16:05:48.700] [sharedprocess] [info] Scanned user extensions: 4
[2018-02-20 16:10:48.716] [sharedprocess] [info] Scanned user extensions: 4
[2018-02-20 16:15:48.732] [sharedprocess] [info] Scanned user extensions: 4
[2018-02-20 16:20:48.743] [sharedprocess] [info] Scanned user extensions: 4
[2018-02-20 16:25:48.758] [sharedprocess] [info] Scanned user extensions: 4
[2018-02-20 16:30:48.775] [sharedprocess] [info] Scanned user extensions: 4
[2018-02-20 16:35:48.789] [sharedprocess] [info] Scanned user extensions: 4
[2018-02-20 16:40:48.805] [sharedprocess] [info] Scanned user extensions: 4
[2018-02-20 16:45:48.819] [sharedprocess] [info] Scanned user extensions: 4
[2018-02-20 16:50:48.993] [sharedprocess] [info] Scanned user extensions: 4
[2018-02-20 16:55:49.009] [sharedprocess] [info] Scanned user extensions: 4
[2018-02-20 17:00:49.025] [sharedprocess] [info] Scanned user extensions: 4
[2018-02-20 17:05:49.041] [sharedprocess] [info] Scanned user extensions: 4
[2018-02-20 17:10:49.056] [sharedprocess] [info] Scanned user extensions: 4
[2018-02-20 17:15:49.072] [sharedprocess] [info] Scanned user extensions: 4
[2018-02-20 17:20:49.085] [sharedprocess] [info] Scanned user extensions: 4
[2018-02-20 17:25:49.103] [sharedprocess] [info] Scanned user extensions: 4
[2018-02-20 17:30:49.124] [sharedprocess] [info] Scanned user extensions: 4
[2018-02-20 17:35:49.136] [sharedprocess] [info] Scanned user extensions: 4
[2018-02-20 17:40:49.152] [sharedprocess] [info] Scanned user extensions: 4
[2018-02-20 17:45:49.169] [sharedprocess] [info] Scanned user extensions: 4
[2018-02-20 17:50:49.356] [sharedprocess] [info] Scanned user extensions: 4
[2018-02-20 17:55:49.372] [sharedprocess] [info] Scanned user extensions: 4
[2018-02-20 18:00:49.382] [sharedprocess] [info] Scanned user extensions: 4
[2018-02-20 18:05:49.400] [sharedprocess] [info] Scanned user extensions: 4
[2018-02-20 18:10:49.410] [sharedprocess] [info] Scanned user extensions: 4
[2018-02-20 18:15:49.419] [sharedprocess] [info] Scanned user extensions: 4
[2018-02-20 18:20:49.440] [sharedprocess] [info] Scanned user extensions: 4
[2018-02-20 18:25:49.457] [sharedprocess] [info] Scanned user extensions: 4
[2018-02-20 18:30:49.471] [sharedprocess] [info] Scanned user extensions: 4
[2018-02-20 18:35:49.485] [sharedprocess] [info] Scanned user extensions: 4
[2018-02-20 18:40:49.494] [sharedprocess] [info] Scanned user extensions: 4
[2018-02-20 18:45:49.507] [sharedprocess] [info] Scanned user extensions: 4
[2018-02-20 18:50:49.738] [sharedprocess] [info] Scanned user extensions: 4
[2018-02-20 18:55:49.753] [sharedprocess] [info] Scanned user extensions: 4
[2018-02-20 19:00:49.815] [sharedprocess] [info] Scanned user extensions: 4
[2018-02-20 19:05:49.830] [sharedprocess] [info] Scanned user extensions: 4
[2018-02-20 19:10:49.845] [sharedprocess] [info] Scanned user extensions: 4
[2018-02-20 19:15:49.861] [sharedprocess] [info] Scanned user extensions: 4
[2018-02-20 19:20:49.878] [sharedprocess] [info] Scanned user extensions: 4
[2018-02-20 19:25:49.902] [sharedprocess] [info] Scanned user extensions: 4
[2018-02-20 19:30:49.910] [sharedprocess] [info] Scanned user extensions: 4
[2018-02-20 19:35:49.926] [sharedprocess] [info] Scanned user extensions: 4
[2018-02-20 19:40:49.937] [sharedprocess] [info] Scanned user extensions: 4
[2018-02-20 19:45:49.953] [sharedprocess] [info] Scanned user extensions: 4
[2018-02-20 19:50:56.067] [sharedprocess] [info] Scanned user extensions: 4
[2018-02-20 19:55:56.076] [sharedprocess] [info] Scanned user extensions: 4
[2018-02-20 20:00:56.093] [sharedprocess] [info] Scanned user extensions: 4
[2018-02-20 20:05:56.109] [sharedprocess] [info] Scanned user extensions: 4
[2018-02-20 20:10:56.118] [sharedprocess] [info] Scanned user extensions: 4
[2018-02-20 20:15:56.131] [sharedprocess] [info] Scanned user extensions: 4
[2018-02-20 20:20:56.145] [sharedprocess] [info] Scanned user extensions: 4
[2018-02-20 20:25:56.161] [sharedprocess] [info] Scanned user extensions: 4
[2018-02-20 20:30:56.178] [sharedprocess] [info] Scanned user extensions: 4
[2018-02-20 20:35:56.191] [sharedprocess] [info] Scanned user extensions: 4
[2018-02-20 20:40:56.201] [sharedprocess] [info] Scanned user extensions: 4
[2018-02-20 20:45:56.216] [sharedprocess] [info] Scanned user extensions: 4
[2018-02-20 20:50:56.393] [sharedprocess] [info] Scanned user extensions: 4
[2018-02-20 20:55:56.405] [sharedprocess] [info] Scanned user extensions: 4
[2018-02-20 21:00:56.415] [sharedprocess] [info] Scanned user extensions: 4
[2018-02-20 21:05:56.431] [sharedprocess] [info] Scanned user extensions: 4
[2018-02-20 21:10:56.442] [sharedprocess] [info] Scanned user extensions: 4
[2018-02-20 21:15:56.457] [sharedprocess] [info] Scanned user extensions: 4
[2018-02-20 21:20:56.472] [sharedprocess] [info] Scanned user extensions: 4
[2018-02-20 21:25:56.489] [sharedprocess] [info] Scanned user extensions: 4
[2018-02-20 21:30:56.499] [sharedprocess] [info] Scanned user extensions: 4
[2018-02-20 21:35:56.509] [sharedprocess] [info] Scanned user extensions: 4
[2018-02-20 21:40:56.527] [sharedprocess] [info] Scanned user extensions: 4
[2018-02-20 21:45:56.542] [sharedprocess] [info] Scanned user extensions: 4
[2018-02-20 21:50:57.057] [sharedprocess] [info] Scanned user extensions: 4
[2018-02-20 21:55:57.078] [sharedprocess] [info] Scanned user extensions: 4
[2018-02-20 22:00:57.094] [sharedprocess] [info] Scanned user extensions: 4
[2018-02-20 22:05:57.105] [sharedprocess] [info] Scanned user extensions: 4
[2018-02-20 22:10:57.119] [sharedprocess] [info] Scanned user extensions: 4
[2018-02-20 22:12:43.691] [sharedprocess] [info] Scanned user extensions: 4
[2018-02-20 22:15:57.134] [sharedprocess] [info] Scanned user extensions: 4
[2018-02-20 22:20:57.149] [sharedprocess] [info] Scanned user extensions: 4
[2018-02-20 22:25:57.161] [sharedprocess] [info] Scanned user extensions: 4
[2018-02-20 22:30:57.173] [sharedprocess] [info] Scanned user extensions: 4
[2018-02-20 22:31:48.388] [sharedprocess] [info] Scanned user extensions: 4
[2018-02-20 22:35:57.187] [sharedprocess] [info] Scanned user extensions: 4
[2018-02-20 22:40:57.201] [sharedprocess] [info] Scanned user extensions: 4
[2018-02-20 22:45:57.214] [sharedprocess] [info] Scanned user extensions: 4
[2018-02-20 22:50:57.454] [sharedprocess] [info] Scanned user extensions: 4
[2018-02-20 22:55:57.469] [sharedprocess] [info] Scanned user extensions: 4
[2018-02-20 23:00:57.484] [sharedprocess] [info] Scanned user extensions: 4
[2018-02-21 06:47:04.023] [sharedprocess] [info] Scanned user extensions: 4
[2018-02-21 06:52:04.041] [sharedprocess] [info] Scanned user extensions: 4
[2018-02-21 06:57:04.061] [sharedprocess] [info] Scanned user extensions: 4
[2018-02-21 07:02:04.076] [sharedprocess] [info] Scanned user extensions: 4
[2018-02-21 07:07:04.091] [sharedprocess] [info] Scanned user extensions: 4
[2018-02-21 07:12:04.101] [sharedprocess] [info] Scanned user extensions: 4
[2018-02-21 07:17:04.116] [sharedprocess] [info] Scanned user extensions: 4
[2018-02-21 07:22:04.127] [sharedprocess] [info] Scanned user extensions: 4
[2018-02-21 07:27:04.141] [sharedprocess] [info] Scanned user extensions: 4
[2018-02-21 07:32:04.153] [sharedprocess] [info] Scanned user extensions: 4
[2018-02-21 07:37:04.166] [sharedprocess] [info] Scanned user extensions: 4
[2018-02-21 07:42:04.178] [sharedprocess] [info] Scanned user extensions: 4
[2018-02-21 07:47:04.308] [sharedprocess] [info] Scanned user extensions: 4
[2018-02-21 07:52:04.320] [sharedprocess] [info] Scanned user extensions: 4
[2018-02-21 07:57:04.339] [sharedprocess] [info] Scanned user extensions: 4
[2018-02-21 08:02:04.353] [sharedprocess] [info] Scanned user extensions: 4
[2018-02-21 08:07:04.362] [sharedprocess] [info] Scanned user extensions: 4
[2018-02-21 08:12:04.372] [sharedprocess] [info] Scanned user extensions: 4
[2018-02-21 08:17:04.381] [sharedprocess] [info] Scanned user extensions: 4
[2018-02-21 08:22:04.394] [sharedprocess] [info] Scanned user extensions: 4
[2018-02-21 08:27:04.406] [sharedprocess] [info] Scanned user extensions: 4
[2018-02-21 08:32:04.417] [sharedprocess] [info] Scanned user extensions: 4
[2018-02-21 08:37:04.427] [sharedprocess] [info] Scanned user extensions: 4
[2018-02-21 08:42:04.439] [sharedprocess] [info] Scanned user extensions: 4
[2018-02-21 08:47:04.610] [sharedprocess] [info] Scanned user extensions: 4
[2018-02-21 08:52:04.629] [sharedprocess] [info] Scanned user extensions: 4
[2018-02-21 08:57:04.639] [sharedprocess] [info] Scanned user extensions: 4
[2018-02-21 09:02:04.655] [sharedprocess] [info] Scanned user extensions: 4
[2018-02-21 09:07:04.673] [sharedprocess] [info] Scanned user extensions: 4
[2018-02-21 09:12:04.687] [sharedprocess] [info] Scanned user extensions: 4
[2018-02-21 09:17:04.698] [sharedprocess] [info] Scanned user extensions: 4
[2018-02-21 09:22:04.712] [sharedprocess] [info] Scanned user extensions: 4
[2018-02-21 09:27:04.726] [sharedprocess] [info] Scanned user extensions: 4
[2018-02-21 09:32:04.741] [sharedprocess] [info] Scanned user extensions: 4
[2018-02-21 09:37:04.757] [sharedprocess] [info] Scanned user extensions: 4
[2018-02-21 09:42:04.770] [sharedprocess] [info] Scanned user extensions: 4
[2018-02-21 09:47:04.954] [sharedprocess] [info] Scanned user extensions: 4
[2018-02-21 09:52:04.975] [sharedprocess] [info] Scanned user extensions: 4
[2018-02-21 09:57:04.988] [sharedprocess] [info] Scanned user extensions: 4
[2018-02-21 09:57:20.392] [sharedprocess] [info] Scanned user extensions: 4
[2018-02-21 09:57:20.843] [sharedprocess] [info] Scanned user extensions: 4
[2018-02-21 10:02:05.008] [sharedprocess] [info] Scanned user extensions: 4
[2018-02-21 10:03:35.530] [sharedprocess] [info] Scanned user extensions: 4
[2018-02-21 10:03:45.549] [sharedprocess] [info] Scanned user extensions: 4
[2018-02-21 10:03:45.744] [sharedprocess] [info] Scanned user extensions: 4
[2018-02-21 10:07:05.018] [sharedprocess] [info] Scanned user extensions: 4
[2018-02-21 10:12:05.037] [sharedprocess] [info] Scanned user extensions: 4
[2018-02-21 10:17:05.046] [sharedprocess] [info] Scanned user extensions: 4
[2018-02-21 10:18:18.590] [sharedprocess] [info] Scanned user extensions: 4
[2018-02-21 10:22:05.062] [sharedprocess] [info] Scanned user extensions: 4
[2018-02-21 10:22:09.803] [sharedprocess] [info] Scanned user extensions: 4
[2018-02-21 10:22:12.253] [sharedprocess] [info] Scanned user extensions: 4
[2018-02-21 10:22:37.988] [sharedprocess] [info] Scanned user extensions: 4
[2018-02-21 10:22:38.189] [sharedprocess] [info] Scanned user extensions: 4
[2018-02-21 10:27:05.073] [sharedprocess] [info] Scanned user extensions: 4
[2018-02-21 10:30:00.114] [sharedprocess] [info] Scanned user extensions: 4
[2018-02-21 10:30:38.507] [sharedprocess] [info] Scanned user extensions: 4
[2018-02-21 10:32:05.087] [sharedprocess] [info] Scanned user extensions: 4
[2018-02-21 10:37:05.101] [sharedprocess] [info] Scanned user extensions: 4
[2018-02-21 10:42:05.122] [sharedprocess] [info] Scanned user extensions: 4
[2018-02-21 10:47:05.307] [sharedprocess] [info] Scanned user extensions: 4
[2018-02-21 10:52:06.828] [sharedprocess] [info] Scanned user extensions: 4
[2018-02-21 10:57:06.835] [sharedprocess] [info] Scanned user extensions: 4
[2018-02-21 11:02:07.828] [sharedprocess] [info] Scanned user extensions: 4
[2018-02-21 11:07:07.836] [sharedprocess] [info] Scanned user extensions: 4
[2018-02-21 11:12:08.826] [sharedprocess] [info] Scanned user extensions: 4
[2018-02-21 11:17:10.829] [sharedprocess] [info] Scanned user extensions: 4
[2018-02-21 11:22:10.842] [sharedprocess] [info] Scanned user extensions: 4
[2018-02-21 11:27:10.858] [sharedprocess] [info] Scanned user extensions: 4
[2018-02-21 11:32:10.870] [sharedprocess] [info] Scanned user extensions: 4
[2018-02-21 11:37:10.885] [sharedprocess] [info] Scanned user extensions: 4
[2018-02-21 11:42:10.904] [sharedprocess] [info] Scanned user extensions: 4
[2018-02-21 11:47:11.047] [sharedprocess] [info] Scanned user extensions: 4
[2018-02-21 11:52:11.064] [sharedprocess] [info] Scanned user extensions: 4
[2018-02-21 11:57:11.079] [sharedprocess] [info] Scanned user extensions: 4
[2018-02-21 12:02:11.103] [sharedprocess] [info] Scanned user extensions: 4
[2018-02-21 12:07:11.121] [sharedprocess] [info] Scanned user extensions: 4
[2018-02-21 12:12:11.137] [sharedprocess] [info] Scanned user extensions: 4
[2018-02-21 12:17:11.154] [sharedprocess] [info] Scanned user extensions: 4
[2018-02-21 12:22:11.167] [sharedprocess] [info] Scanned user extensions: 4
[2018-02-21 12:27:11.184] [sharedprocess] [info] Scanned user extensions: 4
[2018-02-21 12:32:11.200] [sharedprocess] [info] Scanned user extensions: 4
[2018-02-21 12:37:11.214] [sharedprocess] [info] Scanned user extensions: 4
[2018-02-21 12:42:11.226] [sharedprocess] [info] Scanned user extensions: 4
[2018-02-21 12:47:11.395] [sharedprocess] [info] Scanned user extensions: 4
[2018-02-21 12:52:11.411] [sharedprocess] [info] Scanned user extensions: 4
[2018-02-21 12:57:11.427] [sharedprocess] [info] Scanned user extensions: 4
[2018-02-21 13:02:11.443] [sharedprocess] [info] Scanned user extensions: 4
[2018-02-21 13:07:11.461] [sharedprocess] [info] Scanned user extensions: 4
[2018-02-21 13:12:11.477] [sharedprocess] [info] Scanned user extensions: 4
[2018-02-21 13:17:11.493] [sharedprocess] [info] Scanned user extensions: 4
[2018-02-21 13:22:11.513] [sharedprocess] [info] Scanned user extensions: 4
[2018-02-21 13:27:11.530] [sharedprocess] [info] Scanned user extensions: 4
[2018-02-21 13:32:11.546] [sharedprocess] [info] Scanned user extensions: 4
[2018-02-21 13:37:11.564] [sharedprocess] [info] Scanned user extensions: 4
[2018-02-21 13:42:11.576] [sharedprocess] [info] Scanned user extensions: 4
[2018-02-21 13:47:11.771] [sharedprocess] [info] Scanned user extensions: 4
[2018-02-21 13:52:11.786] [sharedprocess] [info] Scanned user extensions: 4
[2018-02-21 13:57:11.797] [sharedprocess] [info] Scanned user extensions: 4
[2018-02-21 14:02:11.816] [sharedprocess] [info] Scanned user extensions: 4
[2018-02-21 14:07:11.826] [sharedprocess] [info] Scanned user extensions: 4
[2018-02-21 14:12:11.841] [sharedprocess] [info] Scanned user extensions: 4
[2018-02-21 14:17:11.856] [sharedprocess] [info] Scanned user extensions: 4
[2018-02-21 14:22:11.870] [sharedprocess] [info] Scanned user extensions: 4
[2018-02-21 14:27:11.890] [sharedprocess] [info] Scanned user extensions: 4
[2018-02-21 14:32:11.907] [sharedprocess] [info] Scanned user extensions: 4
[2018-02-21 14:37:11.921] [sharedprocess] [info] Scanned user extensions: 4
[2018-02-21 14:42:11.935] [sharedprocess] [info] Scanned user extensions: 4
[2018-02-21 14:47:17.092] [sharedprocess] [info] Scanned user extensions: 4
[2018-02-21 14:52:17.109] [sharedprocess] [info] Scanned user extensions: 4
[2018-02-21 14:57:17.121] [sharedprocess] [info] Scanned user extensions: 4
[2018-02-21 15:02:17.136] [sharedprocess] [info] Scanned user extensions: 4
[2018-02-21 15:07:17.154] [sharedprocess] [info] Scanned user extensions: 4
[2018-02-21 15:12:17.167] [sharedprocess] [info] Scanned user extensions: 4
[2018-02-21 15:17:17.185] [sharedprocess] [info] Scanned user extensions: 4
[2018-02-21 15:22:17.197] [sharedprocess] [info] Scanned user extensions: 4
[2018-02-21 15:27:17.210] [sharedprocess] [info] Scanned user extensions: 4
[2018-02-21 15:32:17.230] [sharedprocess] [info] Scanned user extensions: 4
[2018-02-21 15:37:17.247] [sharedprocess] [info] Scanned user extensions: 4
[2018-02-21 15:42:17.262] [sharedprocess] [info] Scanned user extensions: 4
[2018-02-21 15:47:17.440] [sharedprocess] [info] Scanned user extensions: 4
[2018-02-21 15:52:17.456] [sharedprocess] [info] Scanned user extensions: 4
[2018-02-21 15:57:17.470] [sharedprocess] [info] Scanned user extensions: 4
[2018-02-21 16:02:17.483] [sharedprocess] [info] Scanned user extensions: 4
[2018-02-21 16:07:17.501] [sharedprocess] [info] Scanned user extensions: 4
[2018-02-21 16:12:17.523] [sharedprocess] [info] Scanned user extensions: 4
[2018-02-21 16:17:17.537] [sharedprocess] [info] Scanned user extensions: 4
[2018-02-21 16:22:17.553] [sharedprocess] [info] Scanned user extensions: 4
[2018-02-21 16:27:17.569] [sharedprocess] [info] Scanned user extensions: 4
[2018-02-21 16:32:17.587] [sharedprocess] [info] Scanned user extensions: 4
[2018-02-21 16:37:17.603] [sharedprocess] [info] Scanned user extensions: 4
[2018-02-21 16:42:17.617] [sharedprocess] [info] Scanned user extensions: 4
[2018-02-21 16:47:17.820] [sharedprocess] [info] Scanned user extensions: 4
[2018-02-21 16:52:17.831] [sharedprocess] [info] Scanned user extensions: 4
[2018-02-21 16:57:17.844] [sharedprocess] [info] Scanned user extensions: 4
[2018-02-21 17:02:17.858] [sharedprocess] [info] Scanned user extensions: 4
[2018-02-21 17:07:17.872] [sharedprocess] [info] Scanned user extensions: 4
[2018-02-21 17:12:17.889] [sharedprocess] [info] Scanned user extensions: 4
[2018-02-21 17:17:17.904] [sharedprocess] [info] Scanned user extensions: 4
[2018-02-21 17:22:17.920] [sharedprocess] [info] Scanned user extensions: 4
[2018-02-21 17:27:17.937] [sharedprocess] [info] Scanned user extensions: 4
[2018-02-21 17:32:17.952] [sharedprocess] [info] Scanned user extensions: 4
[2018-02-21 17:37:17.971] [sharedprocess] [info] Scanned user extensions: 4
[2018-02-21 17:42:17.984] [sharedprocess] [info] Scanned user extensions: 4
[2018-02-21 17:47:18.136] [sharedprocess] [info] Scanned user extensions: 4
[2018-02-21 17:52:18.153] [sharedprocess] [info] Scanned user extensions: 4
[2018-02-21 17:57:18.167] [sharedprocess] [info] Scanned user extensions: 4
[2018-02-21 18:02:18.180] [sharedprocess] [info] Scanned user extensions: 4
[2018-02-21 18:07:18.196] [sharedprocess] [info] Scanned user extensions: 4
[2018-02-21 18:12:18.208] [sharedprocess] [info] Scanned user extensions: 4
[2018-02-21 18:17:18.223] [sharedprocess] [info] Scanned user extensions: 4
[2018-02-21 18:22:18.237] [sharedprocess] [info] Scanned user extensions: 4
[2018-02-21 18:27:18.249] [sharedprocess] [info] Scanned user extensions: 4
[2018-02-21 18:32:18.266] [sharedprocess] [info] Scanned user extensions: 4
[2018-02-21 18:37:18.274] [sharedprocess] [info] Scanned user extensions: 4
[2018-02-21 18:42:18.285] [sharedprocess] [info] Scanned user extensions: 4
[2018-02-21 18:47:18.454] [sharedprocess] [info] Scanned user extensions: 4
[2018-02-21 18:52:18.468] [sharedprocess] [info] Scanned user extensions: 4
[2018-02-21 18:57:18.482] [sharedprocess] [info] Scanned user extensions: 4
[2018-02-21 19:02:18.496] [sharedprocess] [info] Scanned user extensions: 4
[2018-02-21 19:07:18.519] [sharedprocess] [info] Scanned user extensions: 4
[2018-02-21 19:12:18.529] [sharedprocess] [info] Scanned user extensions: 4
[2018-02-21 19:17:18.545] [sharedprocess] [info] Scanned user extensions: 4
[2018-02-21 19:22:18.567] [sharedprocess] [info] Scanned user extensions: 4
[2018-02-21 19:27:18.577] [sharedprocess] [info] Scanned user extensions: 4
[2018-02-21 19:32:18.591] [sharedprocess] [info] Scanned user extensions: 4
[2018-02-21 19:37:18.631] [sharedprocess] [info] Scanned user extensions: 4
[2018-02-21 19:42:18.640] [sharedprocess] [info] Scanned user extensions: 4
[2018-02-21 19:47:18.828] [sharedprocess] [info] Scanned user extensions: 4
[2018-02-21 19:52:18.845] [sharedprocess] [info] Scanned user extensions: 4
[2018-02-21 19:57:18.862] [sharedprocess] [info] Scanned user extensions: 4
[2018-02-21 20:02:18.875] [sharedprocess] [info] Scanned user extensions: 4
[2018-02-21 20:07:18.891] [sharedprocess] [info] Scanned user extensions: 4
[2018-02-21 20:12:18.907] [sharedprocess] [info] Scanned user extensions: 4
[2018-02-21 20:17:18.921] [sharedprocess] [info] Scanned user extensions: 4
[2018-02-21 20:22:18.933] [sharedprocess] [info] Scanned user extensions: 4
[2018-02-21 20:27:18.950] [sharedprocess] [info] Scanned user extensions: 4
[2018-02-21 20:32:18.962] [sharedprocess] [info] Scanned user extensions: 4
[2018-02-21 20:37:18.976] [sharedprocess] [info] Scanned user extensions: 4
[2018-02-21 20:42:18.988] [sharedprocess] [info] Scanned user extensions: 4
[2018-02-21 20:47:19.139] [sharedprocess] [info] Scanned user extensions: 4
[2018-02-21 20:52:19.159] [sharedprocess] [info] Scanned user extensions: 4
[2018-02-21 20:57:19.174] [sharedprocess] [info] Scanned user extensions: 4
[2018-02-21 21:02:19.190] [sharedprocess] [info] Scanned user extensions: 4
[2018-02-21 21:07:19.214] [sharedprocess] [info] Scanned user extensions: 4
[2018-02-21 21:12:19.229] [sharedprocess] [info] Scanned user extensions: 4
[2018-02-21 21:17:19.244] [sharedprocess] [info] Scanned user extensions: 4
[2018-02-21 21:22:19.261] [sharedprocess] [info] Scanned user extensions: 4
[2018-02-21 21:27:19.276] [sharedprocess] [info] Scanned user extensions: 4
[2018-02-21 21:32:19.290] [sharedprocess] [info] Scanned user extensions: 4
[2018-02-21 21:37:19.305] [sharedprocess] [info] Scanned user extensions: 4
[2018-02-21 21:42:19.322] [sharedprocess] [info] Scanned user extensions: 4
[2018-02-21 21:47:19.563] [sharedprocess] [info] Scanned user extensions: 4
[2018-02-21 21:52:19.580] [sharedprocess] [info] Scanned user extensions: 4
[2018-02-21 21:57:19.595] [sharedprocess] [info] Scanned user extensions: 4
[2018-02-21 22:02:19.611] [sharedprocess] [info] Scanned user extensions: 4
[2018-02-21 22:07:19.632] [sharedprocess] [info] Scanned user extensions: 4
[2018-02-21 22:12:19.648] [sharedprocess] [info] Scanned user extensions: 4
[2018-02-21 22:17:19.666] [sharedprocess] [info] Scanned user extensions: 4
[2018-02-21 22:22:19.679] [sharedprocess] [info] Scanned user extensions: 4
[2018-02-21 22:27:19.692] [sharedprocess] [info] Scanned user extensions: 4
[2018-02-21 22:32:19.705] [sharedprocess] [info] Scanned user extensions: 4
[2018-02-21 22:37:19.716] [sharedprocess] [info] Scanned user extensions: 4
[2018-02-21 22:42:19.727] [sharedprocess] [info] Scanned user extensions: 4
[2018-02-21 22:47:19.890] [sharedprocess] [info] Scanned user extensions: 4
[2018-02-21 22:52:19.903] [sharedprocess] [info] Scanned user extensions: 4
[2018-02-21 22:57:19.914] [sharedprocess] [info] Scanned user extensions: 4
[2018-02-21 23:02:19.926] [sharedprocess] [info] Scanned user extensions: 4
[2018-02-21 23:07:19.939] [sharedprocess] [info] Scanned user extensions: 4
[2018-02-21 23:12:19.953] [sharedprocess] [info] Scanned user extensions: 4
[2018-02-21 23:17:19.968] [sharedprocess] [info] Scanned user extensions: 4
[2018-02-21 23:22:19.987] [sharedprocess] [info] Scanned user extensions: 4
[2018-02-21 23:27:19.999] [sharedprocess] [info] Scanned user extensions: 4
[2018-02-22 08:07:22.162] [sharedprocess] [info] Scanned user extensions: 4
[2018-02-22 08:12:22.179] [sharedprocess] [info] Scanned user extensions: 4
[2018-02-22 08:17:22.196] [sharedprocess] [info] Scanned user extensions: 4
[2018-02-22 08:22:22.209] [sharedprocess] [info] Scanned user extensions: 4
[2018-02-22 08:27:22.223] [sharedprocess] [info] Scanned user extensions: 4
[2018-02-22 08:32:22.236] [sharedprocess] [info] Scanned user extensions: 4
[2018-02-22 08:37:22.249] [sharedprocess] [info] Scanned user extensions: 4
[2018-02-22 08:42:22.907] [sharedprocess] [info] Scanned user extensions: 4
[2018-02-22 08:47:22.921] [sharedprocess] [info] Scanned user extensions: 4
[2018-02-22 08:52:22.937] [sharedprocess] [info] Scanned user extensions: 4
[2018-02-22 08:57:22.954] [sharedprocess] [info] Scanned user extensions: 4
[2018-02-22 09:02:22.969] [sharedprocess] [info] Scanned user extensions: 4
[2018-02-22 09:07:23.173] [sharedprocess] [info] Scanned user extensions: 4
[2018-02-22 09:12:23.185] [sharedprocess] [info] Scanned user extensions: 4
[2018-02-22 09:17:23.198] [sharedprocess] [info] Scanned user extensions: 4
[2018-02-22 09:22:23.211] [sharedprocess] [info] Scanned user extensions: 4
[2018-02-22 09:27:23.224] [sharedprocess] [info] Scanned user extensions: 4
[2018-02-22 09:32:23.236] [sharedprocess] [info] Scanned user extensions: 4
[2018-02-22 09:37:23.245] [sharedprocess] [info] Scanned user extensions: 4
[2018-02-22 09:42:23.256] [sharedprocess] [info] Scanned user extensions: 4
[2018-02-22 09:47:23.269] [sharedprocess] [info] Scanned user extensions: 4
[2018-02-22 09:52:23.286] [sharedprocess] [info] Scanned user extensions: 4
[2018-02-22 09:57:23.302] [sharedprocess] [info] Scanned user extensions: 4
[2018-02-22 10:02:23.318] [sharedprocess] [info] Scanned user extensions: 4
[2018-02-22 10:07:23.530] [sharedprocess] [info] Scanned user extensions: 4
[2018-02-22 10:12:23.541] [sharedprocess] [info] Scanned user extensions: 4
[2018-02-22 10:17:23.557] [sharedprocess] [info] Scanned user extensions: 4
[2018-02-22 10:22:23.575] [sharedprocess] [info] Scanned user extensions: 4
[2018-02-22 10:27:23.588] [sharedprocess] [info] Scanned user extensions: 4
[2018-02-22 10:32:23.602] [sharedprocess] [info] Scanned user extensions: 4
[2018-02-22 10:37:23.617] [sharedprocess] [info] Scanned user extensions: 4
[2018-02-22 10:42:23.631] [sharedprocess] [info] Scanned user extensions: 4
[2018-02-22 10:47:23.648] [sharedprocess] [info] Scanned user extensions: 4
[2018-02-22 10:52:23.663] [sharedprocess] [info] Scanned user extensions: 4
[2018-02-22 10:57:23.680] [sharedprocess] [info] Scanned user extensions: 4
[2018-02-22 11:02:23.696] [sharedprocess] [info] Scanned user extensions: 4
[2018-02-22 11:07:23.885] [sharedprocess] [info] Scanned user extensions: 4
[2018-02-22 11:12:23.905] [sharedprocess] [info] Scanned user extensions: 4
[2018-02-22 11:17:23.921] [sharedprocess] [info] Scanned user extensions: 4
[2018-02-22 11:22:23.935] [sharedprocess] [info] Scanned user extensions: 4
[2018-02-22 11:27:23.950] [sharedprocess] [info] Scanned user extensions: 4
[2018-02-22 11:32:23.963] [sharedprocess] [info] Scanned user extensions: 4
[2018-02-22 11:37:23.973] [sharedprocess] [info] Scanned user extensions: 4
[2018-02-22 11:42:23.987] [sharedprocess] [info] Scanned user extensions: 4
[2018-02-22 11:47:24.006] [sharedprocess] [info] Scanned user extensions: 4
[2018-02-22 11:52:24.019] [sharedprocess] [info] Scanned user extensions: 4
[2018-02-22 11:57:24.036] [sharedprocess] [info] Scanned user extensions: 4
[2018-02-22 12:02:24.053] [sharedprocess] [info] Scanned user extensions: 4
[2018-02-22 12:07:24.432] [sharedprocess] [info] Scanned user extensions: 4
[2018-02-22 12:12:24.448] [sharedprocess] [info] Scanned user extensions: 4
[2018-02-22 12:17:24.468] [sharedprocess] [info] Scanned user extensions: 4
[2018-02-22 12:22:24.486] [sharedprocess] [info] Scanned user extensions: 4
[2018-02-22 12:27:24.499] [sharedprocess] [info] Scanned user extensions: 4
[2018-02-22 12:32:24.509] [sharedprocess] [info] Scanned user extensions: 4
[2018-02-22 12:37:24.521] [sharedprocess] [info] Scanned user extensions: 4
[2018-02-22 12:42:24.529] [sharedprocess] [info] Scanned user extensions: 4
[2018-02-22 12:47:24.545] [sharedprocess] [info] Scanned user extensions: 4
[2018-02-22 12:52:24.559] [sharedprocess] [info] Scanned user extensions: 4
[2018-02-22 12:57:24.572] [sharedprocess] [info] Scanned user extensions: 4
[2018-02-22 13:02:24.588] [sharedprocess] [info] Scanned user extensions: 4
[2018-02-22 13:07:24.769] [sharedprocess] [info] Scanned user extensions: 4
[2018-02-22 13:12:24.784] [sharedprocess] [info] Scanned user extensions: 4
[2018-02-22 13:17:24.801] [sharedprocess] [info] Scanned user extensions: 4
[2018-02-22 13:22:24.815] [sharedprocess] [info] Scanned user extensions: 4
[2018-02-22 13:27:24.831] [sharedprocess] [info] Scanned user extensions: 4
[2018-02-22 13:32:24.848] [sharedprocess] [info] Scanned user extensions: 4
[2018-02-22 13:37:24.863] [sharedprocess] [info] Scanned user extensions: 4
[2018-02-22 13:42:24.879] [sharedprocess] [info] Scanned user extensions: 4
[2018-02-22 13:47:24.895] [sharedprocess] [info] Scanned user extensions: 4
[2018-02-22 13:52:24.907] [sharedprocess] [info] Scanned user extensions: 4
[2018-02-22 13:57:24.922] [sharedprocess] [info] Scanned user extensions: 4
[2018-02-22 14:02:24.932] [sharedprocess] [info] Scanned user extensions: 4
[2018-02-22 14:07:25.176] [sharedprocess] [info] Scanned user extensions: 4
[2018-02-22 14:12:25.186] [sharedprocess] [info] Scanned user extensions: 4
[2018-02-22 14:17:25.205] [sharedprocess] [info] Scanned user extensions: 4
[2018-02-22 14:22:25.221] [sharedprocess] [info] Scanned user extensions: 4
[2018-02-22 14:27:25.235] [sharedprocess] [info] Scanned user extensions: 4
[2018-02-22 14:32:25.256] [sharedprocess] [info] Scanned user extensions: 4
[2018-02-22 14:37:25.271] [sharedprocess] [info] Scanned user extensions: 4
[2018-02-22 14:42:25.283] [sharedprocess] [info] Scanned user extensions: 4
[2018-02-22 14:47:25.299] [sharedprocess] [info] Scanned user extensions: 4
[2018-02-22 14:52:25.312] [sharedprocess] [info] Scanned user extensions: 4
[2018-02-22 14:57:25.328] [sharedprocess] [info] Scanned user extensions: 4
[2018-02-22 15:02:25.342] [sharedprocess] [info] Scanned user extensions: 4
[2018-02-22 15:07:25.535] [sharedprocess] [info] Scanned user extensions: 4
[2018-02-22 15:12:25.549] [sharedprocess] [info] Scanned user extensions: 4
[2018-02-22 15:17:25.567] [sharedprocess] [info] Scanned user extensions: 4
[2018-02-22 15:22:25.583] [sharedprocess] [info] Scanned user extensions: 4
[2018-02-22 15:27:25.599] [sharedprocess] [info] Scanned user extensions: 4
[2018-02-22 15:32:25.619] [sharedprocess] [info] Scanned user extensions: 4
[2018-02-22 15:37:25.632] [sharedprocess] [info] Scanned user extensions: 4
[2018-02-22 15:42:25.647] [sharedprocess] [info] Scanned user extensions: 4
[2018-02-22 15:47:25.661] [sharedprocess] [info] Scanned user extensions: 4
[2018-02-22 15:52:25.677] [sharedprocess] [info] Scanned user extensions: 4
[2018-02-22 15:57:25.696] [sharedprocess] [info] Scanned user extensions: 4
[2018-02-22 16:02:25.710] [sharedprocess] [info] Scanned user extensions: 4
[2018-02-22 16:07:25.834] [sharedprocess] [info] Scanned user extensions: 4
[2018-02-22 16:12:25.853] [sharedprocess] [info] Scanned user extensions: 4
[2018-02-22 16:17:25.866] [sharedprocess] [info] Scanned user extensions: 4
[2018-02-22 16:22:25.880] [sharedprocess] [info] Scanned user extensions: 4
[2018-02-22 16:27:25.900] [sharedprocess] [info] Scanned user extensions: 4
[2018-02-22 16:32:25.915] [sharedprocess] [info] Scanned user extensions: 4
[2018-02-22 16:37:25.931] [sharedprocess] [info] Scanned user extensions: 4
[2018-02-22 16:42:25.947] [sharedprocess] [info] Scanned user extensions: 4
[2018-02-22 16:47:25.963] [sharedprocess] [info] Scanned user extensions: 4
[2018-02-22 16:52:25.977] [sharedprocess] [info] Scanned user extensions: 4
[2018-02-22 16:57:25.992] [sharedprocess] [info] Scanned user extensions: 4
[2018-02-22 17:02:26.007] [sharedprocess] [info] Scanned user extensions: 4
[2018-02-22 17:07:26.379] [sharedprocess] [info] Scanned user extensions: 4
[2018-02-22 17:12:26.395] [sharedprocess] [info] Scanned user extensions: 4
[2018-02-22 17:17:26.413] [sharedprocess] [info] Scanned user extensions: 4
[2018-02-22 17:22:26.427] [sharedprocess] [info] Scanned user extensions: 4
[2018-02-22 17:27:26.444] [sharedprocess] [info] Scanned user extensions: 4
[2018-02-22 17:32:26.460] [sharedprocess] [info] Scanned user extensions: 4
[2018-02-22 17:37:26.479] [sharedprocess] [info] Scanned user extensions: 4
[2018-02-22 17:42:26.492] [sharedprocess] [info] Scanned user extensions: 4
[2018-02-22 17:47:26.506] [sharedprocess] [info] Scanned user extensions: 4
[2018-02-22 17:52:26.519] [sharedprocess] [info] Scanned user extensions: 4
[2018-02-22 17:57:26.531] [sharedprocess] [info] Scanned user extensions: 4
[2018-02-22 18:02:26.545] [sharedprocess] [info] Scanned user extensions: 4
[2018-02-22 18:07:26.855] [sharedprocess] [info] Scanned user extensions: 4
[2018-02-22 18:12:26.868] [sharedprocess] [info] Scanned user extensions: 4
[2018-02-22 18:17:26.881] [sharedprocess] [info] Scanned user extensions: 4
[2018-02-22 18:22:26.899] [sharedprocess] [info] Scanned user extensions: 4
[2018-02-22 18:27:26.913] [sharedprocess] [info] Scanned user extensions: 4
[2018-02-22 18:32:26.925] [sharedprocess] [info] Scanned user extensions: 4
[2018-02-22 18:37:26.939] [sharedprocess] [info] Scanned user extensions: 4
[2018-02-22 18:42:26.952] [sharedprocess] [info] Scanned user extensions: 4
[2018-02-22 18:47:26.962] [sharedprocess] [info] Scanned user extensions: 4
[2018-02-22 18:52:26.982] [sharedprocess] [info] Scanned user extensions: 4
[2018-02-22 18:57:26.996] [sharedprocess] [info] Scanned user extensions: 4
[2018-02-22 19:02:27.061] [sharedprocess] [info] Scanned user extensions: 4
[2018-02-22 19:07:27.186] [sharedprocess] [info] Scanned user extensions: 4
[2018-02-22 19:12:27.202] [sharedprocess] [info] Scanned user extensions: 4
[2018-02-22 19:17:27.210] [sharedprocess] [info] Scanned user extensions: 4
[2018-02-22 19:22:27.221] [sharedprocess] [info] Scanned user extensions: 4
[2018-02-22 19:27:27.233] [sharedprocess] [info] Scanned user extensions: 4
[2018-02-22 19:32:27.245] [sharedprocess] [info] Scanned user extensions: 4
[2018-02-22 19:37:27.260] [sharedprocess] [info] Scanned user extensions: 4
[2018-02-22 19:42:27.283] [sharedprocess] [info] Scanned user extensions: 4
[2018-02-22 19:47:27.296] [sharedprocess] [info] Scanned user extensions: 4
[2018-02-22 19:52:27.309] [sharedprocess] [info] Scanned user extensions: 4
[2018-02-22 19:57:27.328] [sharedprocess] [info] Scanned user extensions: 4
[2018-02-22 20:02:27.345] [sharedprocess] [info] Scanned user extensions: 4
[2018-02-22 20:07:27.530] [sharedprocess] [info] Scanned user extensions: 4
[2018-02-22 20:12:27.541] [sharedprocess] [info] Scanned user extensions: 4
[2018-02-22 20:17:27.559] [sharedprocess] [info] Scanned user extensions: 4
[2018-02-22 20:22:27.574] [sharedprocess] [info] Scanned user extensions: 4
[2018-02-22 20:27:27.587] [sharedprocess] [info] Scanned user extensions: 4
[2018-02-22 20:32:27.601] [sharedprocess] [info] Scanned user extensions: 4
[2018-02-22 20:37:27.616] [sharedprocess] [info] Scanned user extensions: 4
[2018-02-22 20:42:27.636] [sharedprocess] [info] Scanned user extensions: 4
[2018-02-22 20:47:27.652] [sharedprocess] [info] Scanned user extensions: 4
[2018-02-22 20:52:27.671] [sharedprocess] [info] Scanned user extensions: 4
[2018-02-22 20:57:27.688] [sharedprocess] [info] Scanned user extensions: 4
[2018-02-22 21:02:27.698] [sharedprocess] [info] Scanned user extensions: 4
[2018-02-22 21:07:27.994] [sharedprocess] [info] Scanned user extensions: 4
[2018-02-22 21:12:28.005] [sharedprocess] [info] Scanned user extensions: 4
[2018-02-22 21:17:28.017] [sharedprocess] [info] Scanned user extensions: 4
[2018-02-22 21:22:28.027] [sharedprocess] [info] Scanned user extensions: 4
[2018-02-22 21:27:28.042] [sharedprocess] [info] Scanned user extensions: 4
[2018-02-22 21:32:28.055] [sharedprocess] [info] Scanned user extensions: 4
[2018-02-22 21:37:28.065] [sharedprocess] [info] Scanned user extensions: 4
[2018-02-22 21:42:28.076] [sharedprocess] [info] Scanned user extensions: 4
[2018-02-22 21:47:28.089] [sharedprocess] [info] Scanned user extensions: 4
[2018-02-22 21:52:28.104] [sharedprocess] [info] Scanned user extensions: 4
[2018-02-22 21:57:28.117] [sharedprocess] [info] Scanned user extensions: 4
[2018-02-22 22:02:28.130] [sharedprocess] [info] Scanned user extensions: 4
[2018-02-22 22:05:34.473] [sharedprocess] [info] Scanned user extensions: 4
[2018-02-22 22:07:28.466] [sharedprocess] [info] Scanned user extensions: 4
[2018-02-22 22:12:28.488] [sharedprocess] [info] Scanned user extensions: 4
[2018-02-22 22:17:28.502] [sharedprocess] [info] Scanned user extensions: 4
[2018-02-22 22:18:47.373] [sharedprocess] [info] Scanned user extensions: 4
[2018-02-22 22:18:47.726] [sharedprocess] [info] Scanned user extensions: 4
[2018-02-22 22:22:28.518] [sharedprocess] [info] Scanned user extensions: 4
[2018-02-22 22:24:01.957] [sharedprocess] [info] Scanned user extensions: 4
[2018-02-22 22:27:17.764] [sharedprocess] [info] Scanned user extensions: 4
[2018-02-22 22:27:28.533] [sharedprocess] [info] Scanned user extensions: 4
[2018-02-22 22:32:28.546] [sharedprocess] [info] Scanned user extensions: 4
[2018-02-22 22:37:28.568] [sharedprocess] [info] Scanned user extensions: 4
[2018-02-22 22:42:28.583] [sharedprocess] [info] Scanned user extensions: 4
[2018-02-22 22:47:04.554] [sharedprocess] [info] Scanned user extensions: 4
[2018-02-22 22:47:06.324] [sharedprocess] [info] Scanned user extensions: 4
[2018-02-22 22:47:28.602] [sharedprocess] [info] Scanned user extensions: 4
[2018-02-22 22:52:28.620] [sharedprocess] [info] Scanned user extensions: 4
[2018-02-22 22:57:28.643] [sharedprocess] [info] Scanned user extensions: 4
